# JRE version: OpenJDK Runtime Environment OpenLogic-OpenJDK (17.0.9+9) (build 17.0.9+9-adhoc..jdk17u)
# Java VM: OpenJDK 64-Bit Server VM OpenLogic-OpenJDK (17.0.9+9-adhoc..jdk17u, mixed mode, sharing, tiered, compressed oops, compressed class ptrs, g1 gc, windows-amd64)
GC Precious Log:
 CPUs: 4 total, 4 available
 Memory: 8102M
 Large Page Support: Disabled
 NUMA Support: Disabled
 Compressed Oops: Enabled (32-bit)
 Heap Region Size: 1M
 Heap Min Capacity: 64M
 Heap Initial Capacity: 64M
 Heap Max Capacity: 64M
 Pre-touch: Disabled
 Parallel Workers: 4
 Concurrent Workers: 1
 Concurrent Refinement Workers: 4
 Periodic GC: Disabled
Heap:
 garbage-first heap   total 65536K, used 15888K [0x00000000fc000000, 0x0000000100000000)
  region size 1024K, 6 young (6144K), 2 survivors (2048K)
 Metaspace       used 9943K, committed 10176K, reserved 1114112K
  class space    used 1294K, committed 1408K, reserved 1048576K
GC Heap History (8 events):
Event: 1.778 GC heap before
{Heap before GC invocations=0 (full 0):
 garbage-first heap   total 65536K, used 12288K [0x00000000fc000000, 0x0000000100000000)
  region size 1024K, 13 young (13312K), 0 survivors (0K)
 Metaspace       used 1671K, committed 1792K, reserved 1114112K
  class space    used 156K, committed 192K, reserved 1048576K
}
Event: 1.797 GC heap after
{Heap after GC invocations=1 (full 0):
 garbage-first heap   total 65536K, used 1944K [0x00000000fc000000, 0x0000000100000000)
  region size 1024K, 2 young (2048K), 2 survivors (2048K)
 Metaspace       used 1671K, committed 1792K, reserved 1114112K
  class space    used 156K, committed 192K, reserved 1048576K
}
Event: 3.193 GC heap before
{Heap before GC invocations=1 (full 0):
 garbage-first heap   total 65536K, used 21400K [0x00000000fc000000, 0x0000000100000000)
  region size 1024K, 18 young (18432K), 2 survivors (2048K)
 Metaspace       used 4196K, committed 4352K, reserved 1114112K
  class space    used 538K, committed 576K, reserved 1048576K
}
Event: 3.204 GC heap after
{Heap after GC invocations=2 (full 0):
 garbage-first heap   total 65536K, used 11529K [0x00000000fc000000, 0x0000000100000000)
  region size 1024K, 3 young (3072K), 3 survivors (3072K)
 Metaspace       used 4196K, committed 4352K, reserved 1114112K
  class space    used 538K, committed 576K, reserved 1048576K
}
Event: 508.189 GC heap before
{Heap before GC invocations=2 (full 0):
 garbage-first heap   total 65536K, used 43273K [0x00000000fc000000, 0x0000000100000000)
  region size 1024K, 34 young (34816K), 3 survivors (3072K)
 Metaspace       used 9705K, committed 9920K, reserved 1114112K
  class space    used 1268K, committed 1408K, reserved 1048576K
}
Event: 508.194 GC heap after
{Heap after GC invocations=3 (full 0):
 garbage-first heap   total 65536K, used 12845K [0x00000000fc000000, 0x0000000100000000)
  region size 1024K, 2 young (2048K), 2 survivors (2048K)
 Metaspace       used 9705K, committed 9920K, reserved 1114112K
  class space    used 1268K, committed 1408K, reserved 1048576K
}
Event: 1265.888 GC heap before
{Heap before GC invocations=3 (full 0):
 garbage-first heap   total 65536K, used 42541K [0x00000000fc000000, 0x0000000100000000)
  region size 1024K, 31 young (31744K), 2 survivors (2048K)
 Metaspace       used 9942K, committed 10176K, reserved 1114112K
  class space    used 1294K, committed 1408K, reserved 1048576K
}
Event: 1265.894 GC heap after
{Heap after GC invocations=4 (full 0):
 garbage-first heap   total 65536K, used 12816K [0x00000000fc000000, 0x0000000100000000)
  region size 1024K, 2 young (2048K), 2 survivors (2048K)
 Metaspace       used 9942K, committed 10176K, reserved 1114112K
  class space    used 1294K, committed 1408K, reserved 1048576K
}

